magnet_angle:
- [-90, 0, 0]
- [-90, 0, 30]
- [-90, 0, 60]
- [-90, 0, 90]
- [-90, 0, 120]
- [-90, 0, 150]
- [-90, 0, 180]
- [-90, 0, 210]
- [-90, 0, 240]
- [-90, 0, 270]
- [-90, 0, 300]
- [-90, 0, 330]
- [-90, 0, 0]
- [-90, 0, 30]
- [-90, 0, 60]
- [-90, 0, 90]
- [-90, 0, 120]
- [-90, 0, 150]
- [-90, 0, 180]
- [-90, 0, 210]
- [-90, 0, 240]
- [-90, 0, 270]
- [-90, 0, 300]
- [-90, 0, 330]
- [-90, 0, 0]
- [-90, 0, 30]
- [-90, 0, 60]
- [-90, 0, 90]
- [-90, 0, 120]
- [-90, 0, 150]
- [-90, 0, 180]
- [-90, 0, 210]
- [-90, 0, 240]
- [-90, 0, 270]
- [-90, 0, 300]
- [-90, 0, 330]
magnet_pos:
- [0, 13, -1.5]
- [0, 13, -1.5]
- [0, 13, -1.5]
- [0, 13, -1.5]
- [0, 13, -1.5]
- [0, 13, -1.5]
- [0, 13, -1.5]
- [0, 13, -1.5]
- [0, 13, -1.5]
- [0, 13, -1.5]
- [0, 13, -1.5]
- [0, 13, -1.5]
- [-11.258330249, -6.5, -1.5]
- [-11.258330249, -6.5, -1.5]
- [-11.258330249, -6.5, -1.5]
- [-11.258330249, -6.5, -1.5]
- [-11.258330249, -6.5, -1.5]
- [-11.258330249, -6.5, -1.5]
- [-11.258330249, -6.5, -1.5]
- [-11.258330249, -6.5, -1.5]
- [-11.258330249, -6.5, -1.5]
- [-11.258330249, -6.5, -1.5]
- [-11.258330249, -6.5, -1.5]
- [-11.258330249, -6.5, -1.5]
- [11.258330249, -6.5, -1.5]
- [11.258330249, -6.5, -1.5]
- [11.258330249, -6.5, -1.5]
- [11.258330249, -6.5, -1.5]
- [11.258330249, -6.5, -1.5]
- [11.258330249, -6.5, -1.5]
- [11.258330249, -6.5, -1.5]
- [11.258330249, -6.5, -1.5]
- [11.258330249, -6.5, -1.5]
- [11.258330249, -6.5, -1.5]
- [11.258330249, -6.5, -1.5]
- [11.258330249, -6.5, -1.5]
sensor_values:
- - [-2.3360999584198, -1.9357000279426575, -0.361399986743927]
  - [1.3194999516010284, -0.8488999938964844, 0.0038999998569488525]
  - [1.1075999611616134, 0.8709999948740006, -0.07669999718666076]
  - [-2.0578999626636505, 2.3204999685287477, 0.019499999284744263]
- - [-3.040699954032898, 0.7565999788045883, -0.19109999299049377]
  - [0.7292999798059463, -0.9697999972105026, 0.007799999713897705]
  - [1.3688999497890473, 0.5537999796867371, -0.08709999680519104]
  - [-0.703299975991249, 4.34980001449585, -0.20929999232292176]
- - [-2.9860999608039855, 3.2903000211715696, 0.05849999785423279]
  - [-0.06759999752044678, -0.831999996304512, 0.027299998998641967]
  - [1.2479999542236329, 0.11309999585151673, -0.08059999704360962]
  - [0.8501999968290329, 5.285799894332886, -0.3444999873638153]
- - [-2.148899981975555, 4.925700044631958, 0.1988999927043915]
  - [-0.8280999946594239, -0.4926999819278717, 0.06369999766349793]
  - [0.8137999886274337, -0.33279998779296877, -0.032499998807907104]
  - [2.1514999866485596, 4.863299989700318, -0.3223999881744385]
- - [-0.7851999819278717, 5.268899908065796, 0.22619999170303345]
  - [-1.3506999504566193, -0.005199999809265137, 0.07669999718666076]
  - [0.13909999489784242, -0.7162999755144119, 0.005199999809265137]
  - [2.891199939250946, 3.1732999420166017, -0.24959999084472656]
- - [0.7812999838590622, 4.1937999391555785, 0.1312999951839447]
  - [-1.5079999577999115, 0.4861999821662903, 0.07669999718666076]
  - [-0.5641999793052673, -0.8710000020265579, 0.05329999804496765]
  - [2.846999952793121, 0.665599976181984, -0.011699999570846558]
- - [2.098199976682663, 2.0227999877929688, -0.0818999969959259]
  - [-1.240199954509735, 0.8384999948740005, 0.07149999737739562]
  - [-1.1270999604463576, -0.7903999865055085, 0.0740999972820282]
  - [2.0643999755382536, -2.005899990797043, 0.2313999915122986]
- - [2.7949999594688415, -0.6655999767780304, -0.29119998931884766]
  - [-0.6421999770402909, 0.9541999912261963, 0.041599998474121096]
  - [-1.3727999496459962, -0.5004999816417695, 0.08839999675750733]
  - [0.6889999753236771, -4.083300051689148, 0.48359998226165773]
- - [2.741699965000153, -3.218799977302551, -0.5277999806404113]
  - [0.1494999945163727, 0.790399984717369, 0.01559999942779541]
  - [-1.249299954175949, -0.051999998092651364, 0.07539999723434448]
  - [-0.8397999954223633, -4.993300085067749, 0.6278999769687652]
- - [1.9045000398159027, -4.868499994277954, -0.6889999777078628]
  - [0.9009000051021576, 0.44979998350143435, -0.019499999284744263]
  - [-0.792999986410141, 0.39129998564720153, 0.027299998998641967]
  - [-2.1592999935150146, -4.594200015068054, 0.6057999777793884]
- - [0.5550999796390533, -5.224699902534485, -0.6876999765634537]
  - [1.4221999490261077, -0.027299998998641967, -0.024699999094009398]
  - [-0.1377999949455261, 0.7643999803066254, -0.0012999999523162842]
  - [-2.885999946594238, -2.8898999452590943, 0.5147999811172486]
- - [-0.9931999874114991, -4.167799973487854, -0.5940999782085419]
  - [1.59639998793602, -0.5056999814510346, -0.029899998903274536]
  - [0.5862999784946442, 0.9425000011920929, -0.03899999856948853]
  - [-2.836599950790405, -0.3600999867916107, 0.256099990606308]
- - [4.551300091743469, 9.166299943923951, 0.8501999998092651]
  - [27.331199684143066, -8.017100105285644, -3.975400142669678]
  - [-0.46539998292922974, 1.7602000498771668, -0.10009999632835388]
  - [-0.45499998331069946, -0.5953999787569046, 0.12479999542236328]
- - [8.362899742126466, 8.629399967193603, 1.2843999528884888]
  - [19.84839973449707, -13.600599994659424, -2.9028999423980713]
  - [0.42249998450279236, 2.486899981498718, -0.17549999356269835]
  - [-0.7266999769210816, 0.07669999718666076, 0.09619999647140504]
- - [9.999600219726563, 5.924099969863891, 1.340299950838089]
  - [6.310199866294861, -15.210000038146973, -0.7383999747037887]
  - [1.2466999542713166, 2.5635999608039857, -0.20019999265670776]
  - [-0.8462999975681305, 0.8046999895572662, 0.05069999814033508]
- - [8.919300222396851, 1.4858999526500702, 0.9009000021219253]
  - [-8.069100122451783, -13.011700010299682, 1.5027999472618103]
  - [1.7498000466823578, 1.9630000162124634, -0.16899999380111694]
  - [-0.695499975681305, 1.2843999528884888, 0.04549999833106995]
- - [5.5055000638961795, -3.1654999446868897, 0.07929999709129333]
  - [-20.515300464630126, -7.44379994392395, 3.348800048828125]
  - [1.7472000539302825, 0.8410999929904938, -0.13649999499320983]
  - [-0.42249998450279236, 1.4949999463558197, 0.02859999895095825]
- - [0.4159999847412109, -7.142200088500976, -0.7903999888896942]
  - [-27.64840003967285, 0.6590999776124954, 4.347200012207031]
  - [1.2882999527454375, -0.5173999810218811, -0.014299999475479126]
  - [0.020799999237060548, 1.3376999509334564, 0.07149999737739562]
- - [-4.789199929237366, -9.081800203323365, -1.4234999489784241]
  - [-27.15570011138916, 7.9469000482559204, 4.3328999996185305]
  - [0.5017999815940857, -1.6978000378608704, 0.11699999570846557]
  - [0.4445999836921692, 0.8866000008583069, 0.08709999680519104]
- - [-8.60339994430542, -8.573499917984009, -1.7524000477790833]
  - [-19.665099601745606, 13.529100179672241, 3.169399945735931]
  - [-0.4159999847412109, -2.4127999806404112, 0.1962999927997589]
  - [0.740999979376793, 0.21839999198913573, 0.10529999613761902]
- - [-10.233600273132325, -5.864299926757813, -1.7888000535964965]
  - [-6.2048999166488645, 15.133299970626831, 0.9230000066757202]
  - [-1.2505999541282653, -2.489499981403351, 0.21969999194145204]
  - [0.8501999962329865, -0.49659998178482057, 0.14299999475479125]
- - [-9.116900129318237, -1.4000999486446382, -1.294799952507019]
  - [8.192599792480468, 13.020800018310547, -1.3116999518871308]
  - [-1.7082000398635864, -1.87850004196167, 0.1897999930381775]
  - [0.7214999783039093, -1.0074999809265137, 0.18459999322891235]
- - [-5.613400006294251, 3.26170001745224, -0.5784999787807464]
  - [20.751899901628494, 7.395699917078018, -3.226600009202957]
  - [-1.7407000482082366, -0.8215999925136566, 0.12739999532699586]
  - [0.3925999855995178, -1.2193999552726746, 0.1793999934196472]
- - [-0.6434999781847001, 7.21630012512207, 0.2625999903678894]
  - [27.605499973297118, -0.6382999765872955, -4.219799909591675]
  - [-1.3025999522209168, 0.5485999798774719, 0.0064999997615814206]
  - [-0.029899998903274536, -1.069899964928627, 0.17809999346733094]
- - [-0.5082999813556671, 0.8150999879837036, -0.1962999927997589]
  - [-0.4289999842643738, -1.8941000413894653, -0.01819999933242798]
  - [23.165999813079836, 8.44609980583191, -3.9845001602172854]
  - [4.776199927330017, -9.443199729919433, 1.478099946975708]
- - [-0.09749999642372131, 1.2726999533176422, -0.1819999933242798]
  - [-1.3701999497413635, -0.6421999776363373, 0.029899998903274536]
  - [23.997999629974366, 2.334799964427948, -3.923400115966797]
  - [-0.6330999767780304, -7.422999930381775, 0.6707999759912491]
- - [0.3132999885082245, 1.4052999484539033, -0.14429999470710755]
  - [-1.966900007724762, 0.8215999895334244, 0.10139999628067016]
  - [18.743399772644043, -5.0388000869750975, -2.8443999314308166]
  - [-5.84739990234375, -3.456700041294098, -0.19109999299049377]
- - [0.6135999774932861, 1.1881999564170838, -0.1377999949455261]
  - [-1.9968000006675721, 2.0240999817848206, 0.1494999945163727]
  - [7.83640007019043, -10.797799968719483, -0.904800010919571]
  - [-9.673299932479859, 1.5196999597549439, -0.8345999926328659]
- - [0.7084999752044677, 0.672099975347519, -0.17419999361038208]
  - [-1.4910999536514282, 2.702699954509735, 0.16509999394416808]
  - [-4.39660005569458, -13.612299938201904, 1.1933999562263489]
  - [-10.753599929809571, 6.13470000743866, -1.5574000132083894]
- - [0.6122999775409699, -0.020799999237060548, -0.1884999930858612]
  - [-0.5953999787569046, 2.664999964237213, 0.13389999508857728]
  - [-16.21880018234253, -12.963599967956544, 2.9847999739646913]
  - [-8.989500274658203, 9.08180022239685, -1.7056000173091888]
- - [0.3275999879837036, -0.6889999771118164, -0.24049999117851256]
  - [0.5160999810695648, 1.8811000394821167, 0.10529999613761902]
  - [-23.13869976043701, -8.339499711990356, 4.015700168609619]
  - [-4.782699918746948, 9.785100030899049, -0.9828000003099442]
- - [-0.09879999637603759, -1.1868999570608139, -0.246999990940094]
  - [1.4429999482631684, 0.6551999765634536, 0.029899998903274536]
  - [-23.86410037994385, -2.189199998378754, 3.9806001567840577]
  - [0.6239999771118164, 7.754500112533569, -0.3639999866485596]
- - [-0.5303999805450439, -1.3064999520778655, -0.28729998946189883]
  - [2.031899993419647, -0.8033999907970428, -0.023399999141693117]
  - [-18.58089988708496, 5.081700067520142, 2.8846999287605284]
  - [5.887699942588807, 3.7362000226974486, 0.45109998345375063]
- - [-0.8124999904632568, -1.0958999633789062, -0.29249998927116394]
  - [2.0942999637126922, -2.011099998950958, -0.06499999761581421]
  - [-7.859800057411194, 10.723699903488159, 0.8957000106573105]
  - [9.707099962234498, -1.2843999528884888, 1.2544999539852142]
- - [-0.9411999952793121, -0.5641999793052673, -0.26389999032020567]
  - [1.619800000190735, -2.703999969959259, -0.0818999969959259]
  - [4.313399982452393, 13.608399925231934, -1.1530999583005905]
  - [10.70679988861084, -5.846099905967712, 1.8083000528812407]
- - [-0.8215999931097031, 0.09359999656677247, -0.26389999032020567]
  - [0.6798999768495559, -2.690999972820282, -0.0571999979019165]
  - [16.151200466156006, 13.037700033187866, -2.8482999277114867]
  - [8.940100240707398, -8.782800102233887, 1.9344000399112702]
