magnet_angle:
- [-90, 0, 0]
- [-90, 0, 30]
- [-90, 0, 60]
- [-90, 0, 90]
- [-90, 0, 120]
- [-90, 0, 150]
- [-90, 0, 180]
- [-90, 0, 210]
- [-90, 0, 240]
- [-90, 0, 270]
- [-90, 0, 300]
- [-90, 0, 330]
- [-90, 0, 0]
- [-90, 0, 30]
- [-90, 0, 60]
- [-90, 0, 90]
- [-90, 0, 120]
- [-90, 0, 150]
- [-90, 0, 180]
- [-90, 0, 210]
- [-90, 0, 240]
- [-90, 0, 270]
- [-90, 0, 300]
- [-90, 0, 330]
- [-90, 0, 0]
- [-90, 0, 30]
- [-90, 0, 60]
- [-90, 0, 90]
- [-90, 0, 120]
- [-90, 0, 150]
- [-90, 0, 180]
- [-90, 0, 210]
- [-90, 0, 240]
- [-90, 0, 270]
- [-90, 0, 300]
- [-90, 0, 330]
magnet_pos:
- [0, 10, 0]
- [0, 10, 0]
- [0, 10, 0]
- [0, 10, 0]
- [0, 10, 0]
- [0, 10, 0]
- [0, 10, 0]
- [0, 10, 0]
- [0, 10, 0]
- [0, 10, 0]
- [0, 10, 0]
- [0, 10, 0]
- [-8.660254038, -5, 0]
- [-8.660254038, -5, 0]
- [-8.660254038, -5, 0]
- [-8.660254038, -5, 0]
- [-8.660254038, -5, 0]
- [-8.660254038, -5, 0]
- [-8.660254038, -5, 0]
- [-8.660254038, -5, 0]
- [-8.660254038, -5, 0]
- [-8.660254038, -5, 0]
- [-8.660254038, -5, 0]
- [-8.660254038, -5, 0]
- [8.660254038, -5, 0]
- [8.660254038, -5, 0]
- [8.660254038, -5, 0]
- [8.660254038, -5, 0]
- [8.660254038, -5, 0]
- [8.660254038, -5, 0]
- [8.660254038, -5, 0]
- [8.660254038, -5, 0]
- [8.660254038, -5, 0]
- [8.660254038, -5, 0]
- [8.660254038, -5, 0]
- [8.660254038, -5, 0]
sensor_values:
- - [-8.745100069046021, -4.539600076675415, -0.3639999866485596]
  - [4.793099932670593, -3.2760000228881836, 0.14429999470710755]
  - [3.985800142288208, 3.2682000160217286, 0.014299999475479126]
  - [-8.101600012779237, 4.954300055503845, 0.04289999842643738]
- - [-9.991800212860108, 5.036200079917908, -0.35749998688697815]
  - [2.453099982738495, -3.636100058555603, 0.15859999418258666]
  - [5.02710009098053, 2.2528999853134155, 0.03119999885559082]
  - [-4.511000108718872, 13.102700090408325, 0.0571999979019165]
- - [-8.548799896240235, 13.413400354385375, -0.28209998965263366]
  - [-0.5160999810695648, -3.052399950027466, 0.12609999537467956]
  - [4.7462998962402345, 0.6330999773740769, 0.032499998807907104]
  - [0.3535999870300293, 17.5005997467041, 0.04549999833106995]
- - [-4.764499921798706, 17.940000133514403, -0.19109999299049377]
  - [-3.3514000487327578, -1.651000019311905, 0.08839999675750733]
  - [3.187599949836731, -1.1621999579668045, 0.022099999189376832]
  - [4.902300024032593, 17.338100490570067, 0.06369999766349793]
- - [0.04029999852180481, 17.888000030517578, -0.10139999628067016]
  - [-5.300099911689759, 0.23399999141693115, 0.03119999885559082]
  - [0.7591999799013138, -2.636399955749512, 0.03639999866485596]
  - [8.369399738311767, 12.674999723434448, 0.12739999532699586]
- - [4.990700082778931, 13.106600093841553, 0.010399999618530274]
  - [-5.775899887084961, 2.026699973344803, 0.014299999475479126]
  - [-1.849900050163269, -3.404700071811676, 0.05329999804496765]
  - [9.509499788284302, 4.544800081253052, 0.15469999432563783]
- - [8.531899881362914, 4.618900008201599, 0.0909999966621399]
  - [-4.690399913787842, 3.2617000102996827, -0.0064999997615814206]
  - [-3.9754001331329345, -3.2304999828338623, 0.06369999766349793]
  - [8.104200005531311, -4.661799926757812, 0.22489999175071718]
- - [9.766900014877319, -4.966000056266784, 0.0896999967098236]
  - [-2.3724999618530274, 3.6426000571250916, -0.01559999942779541]
  - [-5.012800107002258, -2.1969999980926516, 0.05849999785423279]
  - [4.548700098991394, -12.79459981918335, 0.22099999189376832]
- - [8.336899709701537, -13.302900266647338, -0.014299999475479126]
  - [0.6226999777555465, 3.0523999381065368, 0.025999999046325682]
  - [-4.720299897193908, -0.5563999795913697, 0.06889999747276306]
  - [-0.3600999867916107, -17.230200424194337, 0.246999990940094]
- - [4.5253000783920285, -17.80869981765747, -0.049399998188018795]
  - [3.456700041294098, 1.6106999921798706, 0.044199998378753665]
  - [-3.1615999484062196, 1.225899955034256, 0.05849999785423279]
  - [-4.930900049209595, -17.036500339508056, 0.21059999227523804]
- - [-0.246999990940094, -17.80349992752075, -0.18589999318122863]
  - [5.378099966049194, -0.24179999113082887, 0.0896999967098236]
  - [-0.7409999763965607, 2.701399965286255, 0.044199998378753665]
  - [-8.378499746322632, -12.34870023727417, 0.09619999647140504]
- - [-5.180499906539917, -13.006500005722046, -0.27429998993873594]
  - [5.840899906158447, -2.0097999930381776, 0.14559999465942383]
  - [1.8707000494003296, 3.459300043582916, 0.02859999895095825]
  - [-9.513399791717529, -4.200299921035767, 0.13389999508857728]
- - [8.53839988708496, 28.092999858856203, 0.123499995470047]
  - [63.57909976959228, -26.613600025177004, 0.12479999542236328]
  - [-1.10759996175766, 6.518200016021728, 0.02859999895095825]
  - [-1.6549000179767608, -2.512899980545044, 0.13649999499320983]
- - [20.919599952697755, 28.381599826812746, 0.2521999907493591]
  - [40.974700927734375, -39.51350040435791, 0.897000002861023]
  - [2.323099956512451, 8.68270001411438, 0.04809999823570252]
  - [-2.7429999685287476, -0.027299998998641967, 0.1312999951839447]
- - [27.34419973373413, 22.423700199127197, 0.3600999867916107]
  - [5.578300051689148, -37.65320037841797, 0.9476999986171722]
  - [5.028400096893311, 8.517599868774415, 0.012999999523162841]
  - [-3.090099935531616, 2.5141999673843385, 0.10789999604225159]
- - [27.626299953460695, 9.889100122451783, 0.5147999811172486]
  - [-28.26589958190918, -28.306199703216553, 1.4806999468803406]
  - [6.382999906539917, 6.128200025558471, 0.05329999804496765]
  - [-2.6389999556541444, 4.41220006942749, 0.12999999523162842]
- - [19.10610008239746, -5.4457000207901, 0.13389999508857728]
  - [-59.25789978027344, -9.738299989700318, 0.8384999978542328]
  - [6.155499987602234, 2.0864999616146087, 0.025999999046325682]
  - [-1.4676999509334565, 5.192199902534485, 0.10789999604225159]
- - [6.4362999439239506, -18.791499977111815, -0.1494999945163727]
  - [-68.49960006713867, 11.623299741744995, 0.5472999799251557]
  - [4.210699915885925, -2.49469997882843, 0.03119999885559082]
  - [0.07929999709129333, 4.600700030326843, 0.123499995470047]
- - [-8.778900098800658, -27.97730037689209, -0.4120999848842621]
  - [-63.360700149536136, 26.708500080108642, 0.07669999718666076]
  - [1.1335999590158463, -6.462299966812134, 0.051999998092651364]
  - [1.6562000155448913, 2.8131999588012695, 0.13389999508857728]
- - [-21.13540008544922, -28.287999687194823, -0.6083999782800674]
  - [-40.67049942016602, 39.513500366210934, -0.379599986076355]
  - [-2.3139999675750733, -8.641099977493287, 0.05589999794960022]
  - [2.7611999535560607, 0.3288999879360199, 0.15729999423027038]
- - [-27.53269983291626, -22.374300174713134, -0.5290999805927277]
  - [-5.214299912452698, 37.56349967956543, -0.626599977016449]
  - [-5.01150007724762, -8.47729983329773, 0.04809999823570252]
  - [3.113499937057495, -2.2307999777793883, 0.15729999423027038]
- - [-27.835600090026855, -9.911200141906738, -0.6083999782800674]
  - [28.57920000076294, 28.103399810791014, -1.0386999708414077]
  - [-6.397299909591675, -6.081400046348572, 0.0571999979019165]
  - [2.6181999540328977, -4.133999981880188, 0.14169999480247497]
- - [-19.406400318145753, 5.470400042533875, -0.33409998774528504]
  - [59.320299491882324, 9.64079990386963, -0.7435999757051468]
  - [-6.143799977302551, -2.0019999980926513, 0.06889999747276306]
  - [1.468999948501587, -4.910100030899048, 0.15079999446868897]
- - [-6.718400139808654, 18.84999994277954, -0.11829999566078186]
  - [68.56850036621094, -11.598599720001221, -0.1988999927043915]
  - [-4.18599992275238, 2.5661999464035032, 0.05459999799728393]
  - [-0.10009999632835388, -4.3172999858856205, 0.14169999480247497]
- - [-1.7095000410079957, 2.8404999494552614, -0.17549999356269835]
  - [-0.7240999764204026, -7.545199966430664, 0.2456999909877777]
  - [51.68670085906982, 28.51549970626831, -0.2703999900817871]
  - [7.853300032615661, -28.33349977493286, 0.379599986076355]
- - [-0.1403999948501587, 4.650099968910217, -0.1468999946117401]
  - [-4.551300063133239, -3.2265999817848208, 0.1403999948501587]
  - [57.69010063171387, 15.871699666976928, -0.23919999122619628]
  - [-7.3580000114440915, -18.82919994354248, 0.2573999905586243]
- - [1.4234999489784241, 5.21169991016388, -0.11179999589920044]
  - [-7.169500112533569, 1.8629000473022461, 0.014299999475479126]
  - [51.660700988769534, -2.845699944496155, 0.012999999523162841]
  - [-20.37880018234253, -5.09600004196167, 0.12999999523162842]
- - [2.622099952697754, 4.390100049972534, -0.1065999960899353]
  - [-7.862400035858155, 6.536400032043457, -0.07149999737739562]
  - [28.217799453735353, -21.000199813842773, 0.04549999833106995]
  - [-28.488199672698975, 10.804299974441529, -0.012999999523162841]
- - [3.074499931335449, 2.410199956893921, -0.09619999647140504]
  - [-6.394699907302856, 9.389899692535401, -0.15989999413490297]
  - [-0.05069999814033508, -32.1685009765625, 0.1468999946117401]
  - [-27.792700119018555, 23.328500061035157, -0.10139999628067016]
- - [2.6623999643325806, -0.19499999284744263, -0.13259999513626097]
  - [-3.270800018310547, 9.766900014877319, -0.19239999294281007]
  - [-30.594199771881105, -37.14360000610352, -0.010399999618530274]
  - [-21.139300060272216, 29.30719976425171, -0.12219999551773071]
- - [1.5105999529361724, -2.7572999668121336, -0.14559999465942383]
  - [0.8332999938726425, 7.50099995136261, -0.08709999680519104]
  - [-51.72830104827881, -28.498599643707276, 0.2547999906539917]
  - [-7.956000061035156, 28.641599922180177, 0.005199999809265137]
- - [-0.07539999723434448, -4.5435001134872435, -0.18329999327659607]
  - [4.657899951934814, 3.182399957180023, 0.027299998998641967]
  - [-57.69400047302246, -15.67149995803833, 0.42769998431205747]
  - [7.293000106811523, 19.23740001678467, 0.10009999632835388]
- - [-1.6393000090122223, -5.101200037002563, -0.2053999924659729]
  - [7.224100122451782, -1.8915000414848329, 0.14299999475479125]
  - [-51.572300300598144, 2.9977999711036682, 0.44589998364448546]
  - [20.33330020904541, 5.496400065422058, 0.23529999136924742]
- - [-2.831399953365326, -4.295199966430664, -0.21059999227523804]
  - [7.919600014686584, -6.533800029754639, 0.24439999103546142]
  - [-27.892800273895265, 21.12239999771118, 0.32369998812675477]
  - [28.551899909973145, -10.493599720001221, 0.3639999866485596]
- - [-3.2877000308036806, -2.328299968242645, -0.2131999921798706]
  - [6.459699964523315, -9.38599967956543, 0.30679998874664305]
  - [0.3379999876022339, 32.20490100860596, 0.1403999948501587]
  - [27.84990005493164, -23.11009973526001, 0.4432999837398529]
- - [-2.8924999380111696, 0.27819998979568483, -0.1793999934196472]
  - [3.3735000610351564, -9.789000034332275, 0.3275999879837036]
  - [30.721599922180175, 37.18650032043457, 0.007799999713897705]
  - [21.062599868774413, -29.027700176239012, 0.4302999842166901]
